<?xml version="1.0" encoding="UTF-8"?>
<!-- Generated by org.testng.reporters.JUnitReportReporter -->
<testsuite hostname="DESKTOP-ERB8SG3" failures="0" tests="4" name="testClasses.AddProductTest" time="58.786" errors="0" timestamp="2023-01-22T10:38:43 EET" skipped="0">
  <testcase classname="testClasses.AddProductTest" name="AddImage" time="18.431"/>
  <system-out/>
  <testcase classname="testClasses.AddProductTest" name="AddTitle" time="12.492"/>
  <system-out/>
  <testcase classname="testClasses.AddProductTest" name="AddDescription" time="12.455"/>
  <system-out/>
  <testcase classname="testClasses.AddProductTest" name="AddPrice" time="15.408"/>
  <system-out/>
</testsuite> <!-- testClasses.AddProductTest -->
