<?xml version="1.0" encoding="UTF-8"?>
<!-- Generated by org.testng.reporters.JUnitReportReporter -->
<testsuite hostname="DESKTOP-ERB8SG3" failures="0" tests="4" name="testClasses.EditProductTest" time="30.979" errors="0" timestamp="2023-01-22T10:38:43 EET" skipped="0">
  <testcase classname="testClasses.EditProductTest" name="EditImage" time="15.328"/>
  <system-out/>
  <testcase classname="testClasses.EditProductTest" name="EditTitle" time="3.229"/>
  <system-out/>
  <testcase classname="testClasses.EditProductTest" name="EditDescription" time="6.197"/>
  <system-out/>
  <testcase classname="testClasses.EditProductTest" name="EditPrice" time="6.225"/>
  <system-out/>
</testsuite> <!-- testClasses.EditProductTest -->
