<?xml version="1.0" encoding="UTF-8"?>
<!-- Generated by org.testng.reporters.JUnitReportReporter -->
<testsuite hostname="DESKTOP-ERB8SG3" failures="0" tests="1" name="testClasses.DeleteProductTest" time="15.326" errors="0" timestamp="2023-01-22T10:38:43 EET" skipped="0">
  <testcase classname="testClasses.DeleteProductTest" name="DeleteProduct" time="15.326"/>
  <system-out/>
</testsuite> <!-- testClasses.DeleteProductTest -->
